1561046220324	mozrunner::runner	INFO	Running command: "C:\\Program Files\\Mozilla Firefox\\firefox.exe" "-marionette" "-foreground" "-no-remote" "-profile" "C:\\Users\\HELMUT~1\\AppData\\Local\\Temp\\rust_mozprofile.NuCyVakKYz77"
1561046220684	addons.webextension.screenshots@mozilla.org	WARN	Loading extension 'screenshots@mozilla.org': Reading manifest: Invalid extension permission: mozillaAddons
1561046220685	addons.webextension.screenshots@mozilla.org	WARN	Loading extension 'screenshots@mozilla.org': Reading manifest: Invalid extension permission: resource://pdf.js/
1561046220685	addons.webextension.screenshots@mozilla.org	WARN	Loading extension 'screenshots@mozilla.org': Reading manifest: Invalid extension permission: about:reader*
1561046222663	Marionette	INFO	Listening on port 56006
1561046223102	Marionette	WARN	TLS certificate errors will be ignored for this session
[Child 10448, Chrome_ChildThread] WARNING: pipe error: 109: file z:/task_1560820494/build/src/ipc/chromium/src/chrome/common/ipc_channel_win.cc, line 341
[Child 10448, Chrome_ChildThread] WARNING[Parent 7852, Gecko_IOThread] WARNING: pipe error: 109: file z:/task_1560820494/build/src/ipc/chromium/src/chrome/common/ipc_channel_win.cc, line 341
[Child 6948, Chrome_ChildThread] WARNING: pipe error: 109: file z:/task_1560820494/build/src/ipc/chromium/src/chrome/common/ipc_channel_win.cc, line 341
[Child 6948, Chrome_ChildThread] WARNING: pipe error: 109: file z:/tas[Parent 7852, Gecko_IOThread] WARNING: pipe error: 109: file z:/task_1560820494/build/src/ipc/chromium/src/chrome/common/ipc_channel_win.cc, line 341
[Child 9980, Chrome_ChildThread] WARNING: pipe error: 109: file z:/task_1560820494/build/src/ipc/chromium/src/chrome/common/ipc_channel_win.cc, line 341
[Child 9980, Chrome_ChildThread] WARNI1561046368739	Marionette	INFO	Stopped listening on port 56006
[GPU 1
###!!! [Child][RunMessage] Error: Channel closing: too late to send/recv, messages will be lost

4
###!!! [Child][MessageChannel::SendAndWait] Error: Channel error: cannot send/recv

1561049957912	mozrunner::runner	INFO	Running command: "C:\\Program Files\\Mozilla Firefox\\firefox.exe" "-marionette" "-foreground" "-no-remote" "-profile" "C:\\Users\\HELMUT~1\\AppData\\Local\\Temp\\rust_mozprofile.ukZj2Qd72dEG"
1561049958229	addons.webextension.screenshots@mozilla.org	WARN	Loading extension 'screenshots@mozilla.org': Reading manifest: Invalid extension permission: mozillaAddons
1561049958229	addons.webextension.screenshots@mozilla.org	WARN	Loading extension 'screenshots@mozilla.org': Reading manifest: Invalid extension permission: resource://pdf.js/
1561049958229	addons.webextension.screenshots@mozilla.org	WARN	Loading extension 'screenshots@mozilla.org': Reading manifest: Invalid extension permission: about:reader*
1561049960097	Marionette	INFO	Listening on port 56157
1561049960106	Marionette	WARN	TLS certificate errors will be ignored for this session
console.error: BroadcastService: 
  receivedBroadcastMessage: handler for
  remote-settings/monitor_changes
  threw error:
  Message: Error: Polling for changes failed: http://%(server)s/dummy/blocklist//buckets/monitor/collections/changes/records?_expected=%221561044229629%22 is not a valid URL..
  Stack:
    remoteSettingsFunction/remoteSettings.pollChanges@resource://services-settings/remote-settings.js:203:13

JavaScript warning: https://api.mapbox.com/mapbox-gl-js/v0.40.1/mapbox-gl.js, line 187: Error: WebGL warning: texImage2D: Alpha-premult and y-flip are deprecated for non-DOM-Element uploads.
JavaScript warning: https://api.mapbox.com/mapbox-gl-js/v0.40.1/mapbox-gl.js, line 187: Error: WebGL warning: texImage2D: Alpha-premult and y-flip are deprecated for non-DOM-Element uploads.
JavaScript warning: https://api.mapbox.com/mapbox-gl-js/v0.40.1/mapbox-gl.js, line 177: Error: WebGL warning: texImage2D: Alpha-premult and y-flip are deprecated for non-DOM-Element uploads.
WARN: compileToBinary(235): 
C:\fakepath(88,32-60): warning X3556: integer divides may be much slower, try using uints if possible.

JavaScript warning: https://api.mapbox.com/mapbox-gl-js/v0.40.1/mapbox-gl.js, line 167: Error: WebGL warning: texImage2D: Alpha-premult and y-flip are deprecated for non-DOM-Element uploads.
WARN: compileToBinary(235): 
C:\fakepath(88,32-60): warning X3556: integer divides may be much slower, try using uints if possible.

JavaScript warning: https://api.mapbox.com/mapbox-gl-js/v0.40.1/mapbox-gl.js, line 187: Error: WebGL warning: texImage2D: Alpha-premult and y-flip are deprecated for non-DOM-Element uploads.
JavaScript warning: https://api.mapbox.com/mapbox-gl-js/v0.40.1/mapbox-gl.js, line 187: Error: WebGL warning: texImage2D: Alpha-premult and y-flip are deprecated for non-DOM-Element uploads.
JavaScript warning: https://api.mapbox.com/mapbox-gl-js/v0.40.1/mapbox-gl.js, line 177: Error: WebGL warning: texSubImage2D: Alpha-premult and y-flip are deprecated for non-DOM-Element uploads.
JavaScript warning: https://api.mapbox.com/mapbox-gl-js/v0.40.1/mapbox-gl.js, line 167: Error: WebGL warning: texSubImage2D: Alpha-premult and y-flip are deprecated for non-DOM-Element uploads.
WARN: compileToBinary(235): 
C:\fakepath(84,32-60): warning X3556: integer divides may be much slower, try using uints if possible.

WARN: compileToBinary(235): 
C:\fakepath(84,32-60): warning X3556: integer divides may be much slower, try using uints if possible.

JavaScript warning: https://api.mapbox.com/mapbox-gl-js/v0.40.1/mapbox-gl.js, line 187: Error: WebGL warning: texImage2D: Alpha-premult and y-flip are deprecated for non-DOM-Element uploads.
JavaScript warning: https://api.mapbox.com/mapbox-gl-js/v0.40.1/mapbox-gl.js, line 187: Error: WebGL warning: texImage2D: Alpha-premult and y-flip are deprecated for non-DOM-Element uploads.
JavaScript warning: https://api.mapbox.com/mapbox-gl-js/v0.40.1/mapbox-gl.js, line 187: Error: WebGL warning: texImage2D: Alpha-premult and y-flip are deprecated for non-DOM-Element uploads.
JavaScript warning: https://api.mapbox.com/mapbox-gl-js/v0.40.1/mapbox-gl.js, line 187: Error: WebGL warning: texImage2D: Alpha-premult and y-flip are deprecated for non-DOM-Element uploads.
JavaScript warning: https://api.mapbox.com/mapbox-gl-js/v0.40.1/mapbox-gl.js, line 187: Error: WebGL warning: texImage2D: Alpha-premult and y-flip are deprecated for non-DOM-Element uploads.
JavaScript warning: https://api.mapbox.com/mapbox-gl-js/v0.40.1/mapbox-gl.js, line 187: Error: WebGL warning: texImage2D: Alpha-premult and y-flip are deprecated for non-DOM-Element uploads.
JavaScript warning: https://api.mapbox.com/mapbox-gl-js/v0.40.1/mapbox-gl.js, line 177: Error: WebGL warning: texSubImage2D: Alpha-premult and y-flip are deprecated for non-DOM-Element uploads.
JavaScript warning: https://api.mapbox.com/mapbox-gl-js/v0.40.1/mapbox-gl.js, line 177: Error: WebGL warning: texSubImage2D: Alpha-premult and y-flip are deprecated for non-DOM-Element uploads.
JavaScript warning: https://api.mapbox.com/mapbox-gl-js/v0.40.1/mapbox-gl.js, line 177: Error: WebGL warning: texSubImage2D: Alpha-premult and y-flip are deprecated for non-DOM-Element uploads.
JavaScript warning: https://api.mapbox.com/mapbox-gl-js/v0.40.1/mapbox-gl.js, line 177: Error: WebGL warning: texSubImage2D: Alpha-premult and y-flip are deprecated for non-DOM-Element uploads.
JavaScript warning: https://api.mapbox.com/mapbox-gl-js/v0.40.1/mapbox-gl.js, line 167: Error: WebGL warning: texSubImage2D: Alpha-premult and y-flip are deprecated for non-DOM-Element uploads.
JavaScript warning: https://api.mapbox.com/mapbox-gl-js/v0.40.1/mapbox-gl.js, line 187: Error: WebGL warning: texImage2D: Alpha-premult and y-flip are deprecated for non-DOM-Element uploads.
JavaScript warning: https://api.mapbox.com/mapbox-gl-js/v0.40.1/mapbox-gl.js, line 187: Error: WebGL warning: texImage2D: Alpha-premult and y-flip are deprecated for non-DOM-Element uploads.
JavaScript warning: https://api.mapbox.com/mapbox-gl-js/v0.40.1/mapbox-gl.js, line 167: Error: WebGL warning: texSubImage2D: Alpha-premult and y-flip are deprecated for non-DOM-Element uploads.
JavaScript warning: https://api.mapbox.com/mapbox-gl-js/v0.40.1/mapbox-gl.js, line 187: Error: WebGL warning: texImage2D: Alpha-premult and y-flip are deprecated for non-DOM-Element uploads.
JavaScript warning: https://api.mapbox.com/mapbox-gl-js/v0.40.1/mapbox-gl.js, line 187: Error: WebGL warning: texImage2D: Alpha-premult and y-flip are deprecated for non-DOM-Element uploads.
JavaScript warning: https://api.mapbox.com/mapbox-gl-js/v0.40.1/mapbox-gl.js, line 187: Error: WebGL warning: texImage2D: Alpha-premult and y-flip are deprecated for non-DOM-Element uploads.
JavaScript warning: https://api.mapbox.com/mapbox-gl-js/v0.40.1/mapbox-gl.js, line 187: Error: WebGL warning: texImage2D: Alpha-premult and y-flip are deprecated for non-DOM-Element uploads.
JavaScript warning: https://api.mapbox.com/mapbox-gl-js/v0.40.1/mapbox-gl.js, line 177: Error: WebGL warning: texSubImage2D: Alpha-premult and y-flip are deprecated for non-DOM-Element uploads.
JavaScript warning: https://api.mapbox.com/mapbox-gl-js/v0.40.1/mapbox-gl.js, line 187: Error: WebGL warning: texImage2D: Alpha-premult and y-flip are deprecated for non-DOM-Element uploads.
JavaScript warning: https://api.mapbox.com/mapbox-gl-js/v0.40.1/mapbox-gl.js, line 167: Error: WebGL warning: texSubImage2D: Alpha-premult and y-flip are deprecated for non-DOM-Element uploads.
JavaScript warning: https://api.mapbox.com/mapbox-gl-js/v0.40.1/mapbox-gl.js, line 187: Error: WebGL warning: texImage2D: Alpha-premult and y-flip are deprecated for non-DOM-Element uploads.
JavaScript warning: https://api.mapbox.com/mapbox-gl-js/v0.40.1/mapbox-gl.js, line 167: Error: WebGL warning: texSubImage2D: Alpha-premult and y-flip are deprecated for non-DOM-Element uploads.
JavaScript warning: https://api.mapbox.com/mapbox-gl-js/v0.40.1/mapbox-gl.js, line 167: Error: WebGL warning: texSubImage2D: Alpha-premult and y-flip are deprecated for non-DOM-Element uploads.
JavaScript warning: https://api.mapbox.com/mapbox-gl-js/v0.40.1/mapbox-gl.js, line 167: Error: WebGL: No further warnings will be reported for this WebGL context. (already reported 32 warnings)
[Parent 12476, Gecko_IOThread] WARNING: pipe error: 109: file z:/task_1560820494/build/src/ipc/chromium/src/chrome/common/ipc_channel_win.cc, line 341
[Parent 12476, Gecko_IOThread] WARNING: pipe error: 109: file z:/task_1560820494/build/src/ipc/chromium/src/chrome/common/ipc_channel_win.cc, line 341
[Parent 12476, Gecko_IOThread] WARNING: pipe error: 109: file z:/task_1560820494/build/src/ipc/chromium/src/chrome/common/ipc_channel_win.cc, line 341
[Parent 12476, Gecko_IOThread] WARNING: pipe error: 109: file z:/task_1560820494/build/src/ipc/chromium/src/chrome/common/ipc_channel_win.cc, line 341
[Parent 12476, Gecko_IOThread] WARNING: pipe error: 109: file z:/task_1560820494/build/src/ipc/chromium/src/chrome/common/ipc_channel_win.cc, line 341
[Parent 12476, Gecko_IOThread] WARNING: pipe error: 109: file z:/task_1560820494/build/src/ipc/chromium/src/chrome/common/ipc_channel_win.cc, line 341
JavaScript warning: https://api.mapbox.com/mapbox-gl-js/v0.40.1/mapbox-gl.js, line 187: Error: WebGL warning: texImage2D: Alpha-premult and y-flip are deprecated for non-DOM-Element uploads.
JavaScript warning: https://api.mapbox.com/mapbox-gl-js/v0.40.1/mapbox-gl.js, line 187: Error: WebGL warning: texImage2D: Alpha-premult and y-flip are deprecated for non-DOM-Element uploads.
JavaScript warning: https://api.mapbox.com/mapbox-gl-js/v0.40.1/mapbox-gl.js, line 177: Error: WebGL warning: texImage2D: Alpha-premult and y-flip are deprecated for non-DOM-Element uploads.
JavaScript warning: https://api.mapbox.com/mapbox-gl-js/v0.40.1/mapbox-gl.js, line 177: Error: WebGL warning: texSubImage2D: Alpha-premult and y-flip are deprecated for non-DOM-Element uploads.
WARN: compileToBinary(235): 
C:\fakepath(88,32-60): warning X3556: integer divides may be much slower, try using uints if possible.

JavaScript warning: https://api.mapbox.com/mapbox-gl-js/v0.40.1/mapbox-gl.js, line 167: Error: WebGL warning: texImage2D: Alpha-premult and y-flip are deprecated for non-DOM-Element uploads.
WARN: compileToBinary(235): 
C:\fakepath(88,32-60): warning X3556: integer divides may be much slower, try using uints if possible.

JavaScript warning: https://api.mapbox.com/mapbox-gl-js/v0.40.1/mapbox-gl.js, line 167: Error: WebGL warning: texSubImage2D: Alpha-premult and y-flip are deprecated for non-DOM-Element uploads.
WARN: compileToBinary(235): 
C:\fakepath(84,32-60): warning X3556: integer divides may be much slower, try using uints if possible.

WARN: compileToBinary(235): 
C:\fakepath(84,32-60): warning X3556: integer divides may be much slower, try using uints if possible.

JavaScript warning: https://api.mapbox.com/mapbox-gl-js/v0.40.1/mapbox-gl.js, line 187: Error: WebGL warning: texImage2D: Alpha-premult and y-flip are deprecated for non-DOM-Element uploads.
JavaScript warning: https://api.mapbox.com/mapbox-gl-js/v0.40.1/mapbox-gl.js, line 187: Error: WebGL warning: texImage2D: Alpha-premult and y-flip are deprecated for non-DOM-Element uploads.
JavaScript warning: https://api.mapbox.com/mapbox-gl-js/v0.40.1/mapbox-gl.js, line 177: Error: WebGL warning: texSubImage2D: Alpha-premult and y-flip are deprecated for non-DOM-Element uploads.
JavaScript warning: https://api.mapbox.com/mapbox-gl-js/v0.40.1/mapbox-gl.js, line 177: Error: WebGL warning: texSubImage2D: Alpha-premult and y-flip are deprecated for non-DOM-Element uploads.
JavaScript warning: https://api.mapbox.com/mapbox-gl-js/v0.40.1/mapbox-gl.js, line 177: Error: WebGL warning: texSubImage2D: Alpha-premult and y-flip are deprecated for non-DOM-Element uploads.
JavaScript warning: https://api.mapbox.com/mapbox-gl-js/v0.40.1/mapbox-gl.js, line 167: Error: WebGL warning: texSubImage2D: Alpha-premult and y-flip are deprecated for non-DOM-Element uploads.
JavaScript warning: https://api.mapbox.com/mapbox-gl-js/v0.40.1/mapbox-gl.js, line 187: Error: WebGL warning: texImage2D: Alpha-premult and y-flip are deprecated for non-DOM-Element uploads.
JavaScript warning: https://api.mapbox.com/mapbox-gl-js/v0.40.1/mapbox-gl.js, line 187: Error: WebGL warning: texImage2D: Alpha-premult and y-flip are deprecated for non-DOM-Element uploads.
JavaScript warning: https://api.mapbox.com/mapbox-gl-js/v0.40.1/mapbox-gl.js, line 177: Error: WebGL warning: texSubImage2D: Alpha-premult and y-flip are deprecated for non-DOM-Element uploads.
JavaScript warning: https://api.mapbox.com/mapbox-gl-js/v0.40.1/mapbox-gl.js, line 167: Error: WebGL warning: texSubImage2D: Alpha-premult and y-flip are deprecated for non-DOM-Element uploads.
JavaScript warning: https://api.mapbox.com/mapbox-gl-js/v0.40.1/mapbox-gl.js, line 187: Error: WebGL warning: texImage2D: Alpha-premult and y-flip are deprecated for non-DOM-Element uploads.
JavaScript warning: https://api.mapbox.com/mapbox-gl-js/v0.40.1/mapbox-gl.js, line 187: Error: WebGL warning: texImage2D: Alpha-premult and y-flip are deprecated for non-DOM-Element uploads.
JavaScript warning: https://api.mapbox.com/mapbox-gl-js/v0.40.1/mapbox-gl.js, line 187: Error: WebGL warning: texImage2D: Alpha-premult and y-flip are deprecated for non-DOM-Element uploads.
JavaScript warning: https://api.mapbox.com/mapbox-gl-js/v0.40.1/mapbox-gl.js, line 187: Error: WebGL warning: texImage2D: Alpha-premult and y-flip are deprecated for non-DOM-Element uploads.
JavaScript warning: https://api.mapbox.com/mapbox-gl-js/v0.40.1/mapbox-gl.js, line 187: Error: WebGL warning: texImage2D: Alpha-premult and y-flip are deprecated for non-DOM-Element uploads.
JavaScript warning: https://api.mapbox.com/mapbox-gl-js/v0.40.1/mapbox-gl.js, line 187: Error: WebGL warning: texImage2D: Alpha-premult and y-flip are deprecated for non-DOM-Element uploads.
JavaScript warning: https://api.mapbox.com/mapbox-gl-js/v0.40.1/mapbox-gl.js, line 187: Error: WebGL warning: texImage2D: Alpha-premult and y-flip are deprecated for non-DOM-Element uploads.
JavaScript warning: https://api.mapbox.com/mapbox-gl-js/v0.40.1/mapbox-gl.js, line 187: Error: WebGL warning: texImage2D: Alpha-premult and y-flip are deprecated for non-DOM-Element uploads.
JavaScript warning: https://api.mapbox.com/mapbox-gl-js/v0.40.1/mapbox-gl.js, line 187: Error: WebGL warning: texImage2D: Alpha-premult and y-flip are deprecated for non-DOM-Element uploads.
JavaScript warning: https://api.mapbox.com/mapbox-gl-js/v0.40.1/mapbox-gl.js, line 187: Error: WebGL warning: texImage2D: Alpha-premult and y-flip are deprecated for non-DOM-Element uploads.
JavaScript warning: https://api.mapbox.com/mapbox-gl-js/v0.40.1/mapbox-gl.js, line 177: Error: WebGL warning: texSubImage2D: Alpha-premult and y-flip are deprecated for non-DOM-Element uploads.
JavaScript warning: https://api.mapbox.com/mapbox-gl-js/v0.40.1/mapbox-gl.js, line 187: Error: WebGL warning: texImage2D: Alpha-premult and y-flip are deprecated for non-DOM-Element uploads.
JavaScript warning: https://api.mapbox.com/mapbox-gl-js/v0.40.1/mapbox-gl.js, line 167: Error: WebGL warning: texSubImage2D: Alpha-premult and y-flip are deprecated for non-DOM-Element uploads.
JavaScript warning: https://api.mapbox.com/mapbox-gl-js/v0.40.1/mapbox-gl.js, line 187: Error: WebGL warning: texImage2D: Alpha-premult and y-flip are deprecated for non-DOM-Element uploads.
JavaScript warning: https://api.mapbox.com/mapbox-gl-js/v0.40.1/mapbox-gl.js, line 167: Error: WebGL warning: texSubImage2D: Alpha-premult and y-flip are deprecated for non-DOM-Element uploads.
JavaScript warning: https://api.mapbox.com/mapbox-gl-js/v0.40.1/mapbox-gl.js, line 167: Error: WebGL warning: texSubImage2D: Alpha-premult and y-flip are deprecated for non-DOM-Element uploads.
JavaScript warning: https://api.mapbox.com/mapbox-gl-js/v0.40.1/mapbox-gl.js, line 167: Error: WebGL: No further warnings will be reported for this WebGL context. (already reported 32 warnings)
console.error: BroadcastService: 
  receivedBroadcastMessage: handler for
  remote-settings/monitor_changes
  threw error:
  Message: Error: Polling for changes failed: http://%(server)s/dummy/blocklist//buckets/monitor/collections/changes/records?_expected=%221561050519768%22 is not a valid URL..
  Stack:
    remoteSettingsFunction/remoteSettings.pollChanges@resource://services-settings/remote-settings.js:203:13

[Parent 12476, Gecko_IOThread] WARNING: pipe error: 109: file z:/task_1560820494/build/src/ipc/chromium/src/chrome/common/ipc_channel_win.cc, line 341
[Parent 12476, Gecko_IOThread] WARNING: pipe error: 109: file z:/task_1560820494/build/src/ipc/chromium/src/chrome/common/ipc_channel_win.cc, line 341
[Parent 12476, Gecko_IOThread] WARNING: pipe error: 109: file z:/task_1560820494/build/src/ipc/chromium/src/chrome/common/ipc_channel_win.cc, line 341
[Parent 12476, Gecko_IOThread] WARNING: pipe error: 109: file z:/task_1560820494/build/src/ipc/chromium/src/chrome/common/ipc_channel_win.cc, line 341
[Parent 12476, Gecko_IOThread] WARNING: pipe error: 109: file z:/task_1560820494/build/src/ipc/chromium/src/chrome/common/ipc_channel_win.cc, line 341
[Parent 12476, Gecko_IOThread] WARNING: pipe error: 109: file z:/task_1560820494/build/src/ipc/chromium/src/chrome/common/ipc_channel_win.cc, line 341
[Parent 12476, Gecko_IOThread] WARNING: pipe error: 109: file z:/task_1560820494/build/src/ipc/chromium/src/chrome/common/ipc_channel_win.cc, line 341
[Child 9296, Chrome_ChildThread] WARNING: pipe error: 109: file z:/task_1560820494/build/src/ipc/chromium/src/chrome/common/ipc_channel_win.cc, line 341
[Child 9296, Chrome_ChildThr[Parent 12476, Gecko_IOThread] WARNING: pipe error: 109: file z:/task_1560820494/build/src/ipc/chromium/src/chrome/common/ipc_channel_win.cc, line 341
[Child 14496, Chrome_ChildThread] WARNING: pipe error: 109: file z:/task_1560820494/build/src/ipc/chromium/src/chrome/common/ipc_channel_win.cc, line 341
[Child 14496, Chrome_ChildThr[Child 3972, Chrome_ChildThread] WARNING: pipe error: 109: file z:/task_1560820494/build/src/ipc/chromium/src/chrome/common/ipc_channel_win.cc, line 341
[Child 3972, Chro[Parent 12476, Gecko_IOThread] WARNING: pipe error: 109: file z:/task_1560820494/build/src/ipc/chromium/src/chrome/common/ipc_channel_win.cc, line 341
[Child 3056, Chrome_ChildThread] WARNING: pipe error: 109: file z:/task_1560820494/build/src/ipc/chromium/src/chrome/common/ipc_channel_win.cc, line 341
[Child 3056, Chrome_ChildThread] WARNING: pipe error: 109: file z:/task_1560820494/bui[Parent 12476, Gecko_IOThread] WARNING: pipe error: 109: file z:/task_1560820494/build/src/ipc/chromium/src/chrome/common/ipc_channel_win.cc, line 341
[Child 14508, Chrome_ChildThread] WARNING: pipe error: 109: file z:/task_1560820494/build/src/ipc/chromium/src/chrome/common/ipc_channel_win.cc, line 341
[Child 14508, Chrome_ChildThread] W1561051589087	Marionette	INFO	Stopped listening on port 56157

###!!! [Child][RunMessage] Error: Channel closing: too late to send/recv, messages will be lost

[
###!!! [Child][MessageChannel::SendAndWait] Error: Channel error: cannot send/recv

1562592933760	mozrunner::runner	INFO	Running command: "C:\\Program Files\\Mozilla Firefox\\firefox.exe" "-marionette" "-foreground" "-no-remote" "-profile" "C:\\Users\\HELMUT~1\\AppData\\Local\\Temp\\rust_mozprofile.9DTExWZ3enj0"
1562592934079	addons.webextension.screenshots@mozilla.org	WARN	Loading extension 'screenshots@mozilla.org': Reading manifest: Invalid extension permission: mozillaAddons
1562592934079	addons.webextension.screenshots@mozilla.org	WARN	Loading extension 'screenshots@mozilla.org': Reading manifest: Invalid extension permission: resource://pdf.js/
1562592934080	addons.webextension.screenshots@mozilla.org	WARN	Loading extension 'screenshots@mozilla.org': Reading manifest: Invalid extension permission: about:reader*
1562592936556	Marionette	INFO	Listening on port 50411
1562592937046	Marionette	WARN	TLS certificate errors will be ignored for this session
[Child 6812, Chrome_ChildThread] WARNING: pipe error: 109: file z:/task_1560988636/build/src/ipc/chromium/src/chrome/common/ipc_channel_win.cc, line 341
[Child 6812, Chrome_ChildThread] WARNIN[Child 11448, Chrome_ChildThread] WARNING: pipe error: 109: file z:/task_1560988636/build/src/ipc/chromium/src/chrome/common/ipc_channel_win.cc, line 341
[Child 11448, Chro[Parent 10836, Gecko_IOThread] WARNING: pipe error: 109: file z:/task_1560988636/build/src/ipc/chromium/src/chrome/common/ipc_channel_win.cc, line 341
[Child 11180, Chrome_ChildThread] WARNING: pipe error: 109: file z:/task_1560988636/build/src/ipc/chromium/src/chrome/common/ipc_channel_win.cc, line 341
[Child 11180, Chrome_ChildThread1562593260803	Marionette	INFO	Stopped listening on port 50411
[GPU 1152, Chr
###!!! [Child][RunMessage] Error: Channel closing: too late to send/recv, messages will be lost

ome_ChildThread] WARNING: pipe error: 109: file z:/ta
###!!! [Child][MessageChannel::SendAndWait] Error: Channel error: cannot send/recv

l_win.cc, line 341
[Child 4536, Chrome_ChildThread] WARNING: pipe error: 109: file z:/task_1560988636/build/src/ipc/chromium/s[Parent 7064, Gecko_IOThread] WARNING: pipe error: 109: file z:/task_1560988636/build/src/ipc/chromium/src/chrome/common/ipc_channel_win.cc, line 341
[Child 10356, Chrome_ChildThread] WARNING: pipe error: 109: file z:/task_1560988636/build/src/ipc/chromium/src/chrome/common/ipc_channel_win.cc, line 341
[Child 10356, Chrome_Child[Child 4592, Chrome_ChildThread] WARNING: pipe error: 109: file z:/task_1560988636/build/src/ipc/chromium/src/chrome/common/ipc_channel_win.cc, line 341
[Child 4592, Chrome_Chil1562593259909	Marionette	INFO	Stopped listening on port 50622

###!!! [Child][RunMessage] Error: Channel closing: too late to send/recv, messages will be lost

[GPU 304
###!!! [Child][MessageChannel::SendAndWait] Error: Channel error: cannot send/recv

1562593413729	mozrunner::runner	INFO	Running command: "C:\\Program Files\\Mozilla Firefox\\firefox.exe" "-marionette" "-foreground" "-no-remote" "-profile" "C:\\Users\\HELMUT~1\\AppData\\Local\\Temp\\rust_mozprofile.1CMR8j9Ysxm0"
1562593414114	addons.webextension.screenshots@mozilla.org	WARN	Loading extension 'screenshots@mozilla.org': Reading manifest: Invalid extension permission: mozillaAddons
1562593414114	addons.webextension.screenshots@mozilla.org	WARN	Loading extension 'screenshots@mozilla.org': Reading manifest: Invalid extension permission: resource://pdf.js/
1562593414115	addons.webextension.screenshots@mozilla.org	WARN	Loading extension 'screenshots@mozilla.org': Reading manifest: Invalid extension permission: about:reader*
1562593416630	Marionette	INFO	Listening on port 50747
1562593417002	Marionette	WARN	TLS certificate errors will be ignored for this session
[Child 1684, Chrome_ChildThread] WARNING: pipe error: 109: file z:/task_1560988636/build/src/ipc/chromium/src/chrome/common/ipc_channel_win.cc, line 341
[Child 1684, Chrome_ChildThread] WA[Parent 11048, Gecko_IOThread] WARNING: pipe error: 109: file z:/task_1560988636/build/src/ipc/chromium/src/chrome/common/ipc_channel_win.cc, line 341
[Child 6396, Chrome_ChildThread] WARNING: pipe error: 109: file z:/task_1560988636/build/src/ipc/chromium/src/chrome/common/ipc_channel_win.cc, line 341
[Child 6396, Chrome_ChildThread] WARNING: pip[Parent 11048, Gecko_IOThread] WARNING: pipe error: 109: file z:/task_1560988636/build/src/ipc/chromium/src/chrome/common/ipc_channel_win.cc, line 341
[Child 8340, Chrome_ChildThread] WARNING: pipe error: 109: file z:/task_1560988636/build/src/ipc/chromium/src/chrome/common/ipc_channel_win.cc, line 341
[Child 8340, Chrome_ChildThread] WARNI1562593554130	Marionette	INFO	Stopped listening on port 50747

###!!! [Child][RunMessage] Error: Channel closing: too late to send/recv, messages will be lost

[
###!!! [Child][MessageChannel::SendAndWait] Error: Channel error: cannot send/recv

ARNING: pipe error: 109: file z:/task_1560988636/build/src/ipc/chromium/src/chrome/common/ipc_channel_win.cc, line 341
[Child 508, Chrome_ChildThread] WA[Parent 6996, Gecko_IOThread] WARNING: pipe error: 109: file z:/task_1560988636/build/src/ipc/chromium/src/chrome/common/ipc_channel_win.cc, line 341
[Child 9124, Chrome_ChildThread] WARNING: pipe error: 109: file z:/task_1560988636/build/src/ipc/chromium/src/chrome/common/ipc_channel_win.cc, line 341
[Child 9124, Chrome_ChildThread] WARNING: pipe error: 109: file[Parent 6996, Gecko_IOThread] WARNING: pipe error: 109: file z:/task_1560988636/build/src/ipc/chromium/src/chrome/common/ipc_channel_win.cc, line 341
[Child 10884, Chrome_ChildThread] WARNING: pipe error: 109: file z:/task_1560988636/build/src/ipc/chromium/src/chrome/common/ipc_channel_win.cc, line 341
[Child 10884, Chrome_ChildThread] WARNING: pipe error: 109: file z:/task_1560988636/build/src/ipc/chromium/src/
###!!! [Child][RunMessage] Error: Channel closing: too late to send/recv, messages will be lost

[GPU 794
###!!! [Child][MessageChannel::SendAndWait] Error: Channel error: cannot send/recv

1562593499902	mozrunner::runner	INFO	Running command: "C:\\Program Files\\Mozilla Firefox\\firefox.exe" "-marionette" "-foreground" "-no-remote" "-profile" "C:\\Users\\HELMUT~1\\AppData\\Local\\Temp\\rust_mozprofile.NCmVOKrHt605"
1562593500271	addons.webextension.screenshots@mozilla.org	WARN	Loading extension 'screenshots@mozilla.org': Reading manifest: Invalid extension permission: mozillaAddons
1562593500271	addons.webextension.screenshots@mozilla.org	WARN	Loading extension 'screenshots@mozilla.org': Reading manifest: Invalid extension permission: resource://pdf.js/
1562593500271	addons.webextension.screenshots@mozilla.org	WARN	Loading extension 'screenshots@mozilla.org': Reading manifest: Invalid extension permission: about:reader*
1562593502672	Marionette	INFO	Listening on port 50848
1562593502706	Marionette	WARN	TLS certificate errors will be ignored for this session
[Parent 11752, Gecko_IOThread] WARNING: pipe error: 109: file z:/task_1560988636/build/src/ipc/chromium/src/chrome/common/ipc_channel_win.cc, line 341
[Child 6744, Chrome_ChildThread] WARNING: pipe error: 109: file z:/task_1560988636/build/src/ipc/chromium/src/chrome/common/ipc_channel_win.cc, line 341
[Child 6744, Chrome_ChildTh[Parent 11752, Gecko_IOThread] WARNING: pipe error: 109: file z:/task_1560988636/build/src/ipc/chromium/src/chrome/common/ipc_channel_win.cc, line 341
[Child 6672, Chrome_ChildThread] WARNING: pipe error: 109: file z:/task_1560988636/build/src/ipc/chromium/src/chrome/common/ipc_channel_win.cc, line 341
[Child 6672, Chrome_ChildThread][Parent 11752, Gecko_IOThread] WARNING: pipe error: 109: file z:/task_1560988636/build/src/ipc/chromium/src/chrome/common/ipc_channel_win.cc, line 341
[Child 12136, Chrome_ChildThread] WARNING: pipe error: 109: file z:/task_1560988636/build/src/ipc/chromium/src/chrome/common/ipc_channel_win.cc, line 341
[Child 12136, Chrome_ChildThread]1562593555568	Marionette	INFO	Stopped listening on port 50848
[GPU 11432
###!!! [Child][RunMessage] Error: Channel closing: too late to send/recv, messages will be lost

,
###!!! [Child][MessageChannel::SendAndWait] Error: Channel error: cannot send/recv

1562593685911	mozrunner::runner	INFO	Running command: "C:\\Program Files\\Mozilla Firefox\\firefox.exe" "-marionette" "-foreground" "-no-remote" "-profile" "C:\\Users\\HELMUT~1\\AppData\\Local\\Temp\\rust_mozprofile.X909xnKy4bSb"
1562593686284	addons.webextension.screenshots@mozilla.org	WARN	Loading extension 'screenshots@mozilla.org': Reading manifest: Invalid extension permission: mozillaAddons
1562593686284	addons.webextension.screenshots@mozilla.org	WARN	Loading extension 'screenshots@mozilla.org': Reading manifest: Invalid extension permission: resource://pdf.js/
1562593686284	addons.webextension.screenshots@mozilla.org	WARN	Loading extension 'screenshots@mozilla.org': Reading manifest: Invalid extension permission: about:reader*
1562593688336	Marionette	INFO	Listening on port 51004
1562593688706	Marionette	WARN	TLS certificate errors will be ignored for this session
[Child 4412, Chrome_ChildThread] WARNING: pipe error: 109: file z:/task_1560988636/build/src/ipc/chromium/src/chrome/common/ipc_channel_win.cc, line 341
[Child 4412, Chrome_ChildThread] WARNING: pipe error: 10[Child 9368, Chrome_ChildThread] WARNING: pipe error: 109: file z:/task_1560988636/build/src/ipc/chromium/src/chrome/common/ipc_channel_win.cc, line 341
[Child 9368, Chrome_ChildThrea[Parent 4788, Gecko_IOThread] WARNING: pipe error: 109: file z:/task_1560988636/build/src/ipc/chromium/src/chrome/common/ipc_channel_win.cc, line 341
[Child 7632, Chrome_ChildThread] WARNING: pipe error: 109: file z:/task_1560988636/build/src/ipc/chromium/src/chrome/common/ipc_channel_win.cc, line 341
[Child 7632, Chrome_ChildThread] 1562593710953	Marionette	INFO	Stopped listening on port 51004
[GPU 9
###!!! [Child][RunMessage] Error: Channel closing: too late to send/recv, messages will be lost


###!!! [Child][MessageChannel::SendAndWait] Error: Channel error: cannot send/recv

1562593805458	mozrunner::runner	INFO	Running command: "C:\\Program Files\\Mozilla Firefox\\firefox.exe" "-marionette" "-foreground" "-no-remote" "-profile" "C:\\Users\\HELMUT~1\\AppData\\Local\\Temp\\rust_mozprofile.6zl8lkTraKRu"
1562593805783	addons.webextension.screenshots@mozilla.org	WARN	Loading extension 'screenshots@mozilla.org': Reading manifest: Invalid extension permission: mozillaAddons
1562593805783	addons.webextension.screenshots@mozilla.org	WARN	Loading extension 'screenshots@mozilla.org': Reading manifest: Invalid extension permission: resource://pdf.js/
1562593805783	addons.webextension.screenshots@mozilla.org	WARN	Loading extension 'screenshots@mozilla.org': Reading manifest: Invalid extension permission: about:reader*
1562593807920	Marionette	INFO	Listening on port 51073
1562593808245	Marionette	WARN	TLS certificate errors will be ignored for this session
[Parent 10896, Gecko_IOThread] WARNING: pipe error: 109: file z:/task_1560988636/build/src/ipc/chromium/src/chrome/common/ipc_channel_win.cc, line 341
[Child 296, Chrome_ChildThread] WARNING: pipe error: 109: file z:/task_1560988636/build/src/ipc/chromium/src/chrome/common/ipc_channel_win.cc, line 341
[Child 296, Chrome_ChildThread[Parent 10896, Gecko_IOThread] WARNING: pipe error: 109: file z:/task_1560988636/build/src/ipc/chromium/src/chrome/common/ipc_channel_win.cc, line 341
[Child 4284, Chrome_ChildThread] WARNING: pipe error: 109: file z:/task_1560988636/build/src/ipc/chromium/src/chrome/common/ipc_channel_win.cc, line 341
[Child 4284, Chrome_ChildTh[Parent 10896, Gecko_IOThread] WARNING: pipe error: 109: file z:/task_1560988636/build/src/ipc/chromium/src/chrome/common/ipc_channel_win.cc, line 341
[Child 2708, Chrome_ChildThread] WARNING: pipe error: 109: file z:/task_1560988636/build/src/ipc/chromium/src/chrome/common/ipc_channel_win.cc, line 341
[Child 2708, Chrome_ChildThread] WARNING: pipe error: 109: file z:/task_1560988636/build/src/1562593883267	Marionette	INFO	Stopped listening on port 51073
[GPU 4124, Chr
###!!! [Child][RunMessage] Error: Channel closing: too late to send/recv, messages will be lost

o
###!!! [Child][MessageChannel::SendAndWait] Error: Channel error: cannot send/recv

1562593921702	mozrunner::runner	INFO	Running command: "C:\\Program Files\\Mozilla Firefox\\firefox.exe" "-marionette" "-foreground" "-no-remote" "-profile" "C:\\Users\\HELMUT~1\\AppData\\Local\\Temp\\rust_mozprofile.wucWXsBWNZtw"
1562593922091	addons.webextension.screenshots@mozilla.org	WARN	Loading extension 'screenshots@mozilla.org': Reading manifest: Invalid extension permission: mozillaAddons
1562593922091	addons.webextension.screenshots@mozilla.org	WARN	Loading extension 'screenshots@mozilla.org': Reading manifest: Invalid extension permission: resource://pdf.js/
1562593922091	addons.webextension.screenshots@mozilla.org	WARN	Loading extension 'screenshots@mozilla.org': Reading manifest: Invalid extension permission: about:reader*
1562593924233	Marionette	INFO	Listening on port 51143
1562593924489	Marionette	WARN	TLS certificate errors will be ignored for this session
[Parent 568, Gecko_IOThread] WARNING: pipe error: 109: file z:/task_1560988636/build/src/ipc/chromium/src/chrome/common/ipc_channel_win.cc, line 341
[Child 572, Chrome_ChildThread] WARNING: pipe error: 109: file z:/task_1560988636/build/src/ipc/chromium/src/chrome/common/ipc_channel_win.cc, line 341
[Child 572, Chrome_ChildThread] WARNING:[Parent 568, Gecko_IOThread] WARNING: pipe error: 109: file z:/task_1560988636/build/src/ipc/chromium/src/chrome/common/ipc_channel_win.cc, line 341
[Child 8512, Chrome_ChildThread] WARNING: pipe error: 109: file z:/task_1560988636/build/src/ipc/chromium/src/chrome/common/ipc_channel_win.cc, line 341
[Child 8512, Chrome_ChildThread] WARNING: pipe error: 109: file z:/task_1560988636/build/src/ipc/chromium/src/chrome/common[Parent 568, Gecko_IOThread] WARNING: pipe error: 109: file z:/task_1560988636/build/src/ipc/chromium/src/chrome/common/[Child 12008, Chrome_ChildThread] WARNING: pipe error: 109: file z:/task_1560988636/build/src/ipc/chromium/src/chrome/common/ipc_channel_win.cc, line 341
[Child 12008, Chrome_ChildThread] WARNING: pipe error: 109: file z:/task_1560[Parent 9860, Gecko_IOThread] WARNING: pipe error: 109: file z:/task_1560988636/build/src/ipc/chromium/src/chrome/common/ipc_channel_win.cc, line 341
[Child 5504, Chrome_ChildThread] WARNING: pipe error: 109: file z:/task_1560988636/build/src/ipc/chromium/src/chrome/common/ipc_channel_win.cc, line 341
[Child 5504, Chrome_Ch[Parent 9860, Gecko_IOThread] WARNING: pipe error: 109: file z:/task_1560988636/build/src/ipc/chromium/src/chrome/common/ipc_channel_win.cc, line 341
[Child 11224, Chrome_ChildThread] WARNING: pipe error: 109: file z:/task_1560988636/build/src/ipc/chromium/src/chrome/common/ipc_channel_win.cc, line 341
[Child 11224, Chrome_ChildThr1562594086250	Marionette	INFO	Stopped listening on port 51193
[GPU 951
###!!! [Child][MessageChannel::SendAndWait] Error: Channel error: cannot send/recv

um/src/chrome/common/ipc_channel_win.cc, line 341
[Child 1972, Chrome_ChildThread] WARNING: pipe error: 109: file z:/task_1560988636/build/src/ipc/chromium/src/chrome/common/ipc_channel_win.cc, line 341
[Child 1972, Chrome_ChildThread] WARNING: pipe error: 109: file z:/task_1560988636/build/src/ipc/chromium/src/c[Child 8124, Chrome_ChildThread] WARNING: pipe error: 109: file z:/task_1560988636/build/src/ipc/chromium/src/chrome/common/ipc_channel_win.cc, line 341
[Child 8124, Chrome_Child[Child 10172, Chrome_ChildThread] WARNING: pipe error: 109: file z:/task_1560988636/build/src/ipc/chromium/src/chrome/common/ipc_channel_win.cc, line 341
[Child 10172, Chrome_ChildThread][GPU 6932, Chrome_ChildThread] W
###!!! [Child][MessageChannel::SendAndWait] Error: Channel error: cannot send/recv

1562594374728	mozrunner::runner	INFO	Running command: "C:\\Program Files\\Mozilla Firefox\\firefox.exe" "-marionette" "-foreground" "-no-remote" "-profile" "C:\\Users\\HELMUT~1\\AppData\\Local\\Temp\\rust_mozprofile.0HxnZAqP6xSI"
1562594375118	addons.webextension.screenshots@mozilla.org	WARN	Loading extension 'screenshots@mozilla.org': Reading manifest: Invalid extension permission: mozillaAddons
1562594375119	addons.webextension.screenshots@mozilla.org	WARN	Loading extension 'screenshots@mozilla.org': Reading manifest: Invalid extension permission: resource://pdf.js/
1562594375119	addons.webextension.screenshots@mozilla.org	WARN	Loading extension 'screenshots@mozilla.org': Reading manifest: Invalid extension permission: about:reader*
1562594377236	Marionette	INFO	Listening on port 51406
1562594377516	Marionette	WARN	TLS certificate errors will be ignored for this session
[Parent 2496, Gecko_IOThread] WARNING: pipe error: 109: file z:/task_1560988636/build/src/ipc/chromium/src/chrome/common/ipc_channel_win.cc, line 341
[Child 8436, Chrome_ChildThread] WARNING: pipe error: 109: file z:/task_1560988636/build/src/ipc/chromium/src/chrome/common/ipc_channel_win.cc, line 341
[Child 8436, Chrome_ChildThread] WARNING: pipe error[Parent 2496, Gecko_IOThread] WARNING: pipe error: 109: file z:/task_1560988636/build/src/ipc/chromium/src/chrome/common/ipc_channel_win.cc, line 341
[Child 4228, Chrome_ChildThread] WARNING: pipe error: 109: file z:/task_1560988636/build/src/ipc/chromium/src/chrome/common/ipc_channel_win.cc, line 341
[Child 4228, Chrome_ChildThread] WAR[Parent 2496, Gecko_IOThread] WARNING: pipe error: 109: file z:/task_1560988636/build/src/ipc/chromium/src/chrome/common/ipc_channel_win.cc, line 341
[Child 3344, Chrome_ChildThread] WARNING: pipe error: 109: file z:/task_1560988636/build/src/ipc/chromium/src/chrome/common/ipc_channel_win.cc, line 341
[Child 3344, Chrome_ChildThrea1562594797838	Marionette	INFO	Stopped listening on port 51406
[GPU 1220
###!!! [Child][RunMessage] Error: Channel closing: too late to send/recv, messages will be lost

,
###!!! [Child][MessageChannel::SendAndWait] Error: Channel error: cannot send/recv

ome_ChildThread] WARNING: pipe error: 109: file z:/task_1560988636/build/src/ipc/chromium/src/chrome/common/ipc_channel_win.cc, line 341
[Child 11368, Chrome_ChildThread] WARNING: pipe er[Parent 1152, Gecko_IOThread] WARNING: pipe error: 109: file z:/task_1560988636/build/src/ipc/chromium/src/chrome/common/ipc_channel_win.cc, line 341
[Child 8620, Chrome_ChildThread] WARNING: pipe error: 109: file z:/task_1560988636/build/src/ipc/chromium/src/chrome/common/ipc_channel_win.cc, line 341
[Child 8620, Chrome_ChildThread] WARNING: pipe error: 109: file z[GPU 6
###!!! [Child][RunMessage] Error: Channel closing: too late to send/recv, messages will be lost

9
###!!! [Child][MessageChannel::SendAndWait] Error: Channel error: cannot send/recv

1562594642020	mozrunner::runner	INFO	Running command: "C:\\Program Files\\Mozilla Firefox\\firefox.exe" "-marionette" "-foreground" "-no-remote" "-profile" "C:\\Users\\HELMUT~1\\AppData\\Local\\Temp\\rust_mozprofile.lUbpqDIjGlkE"
1562594642406	addons.webextension.screenshots@mozilla.org	WARN	Loading extension 'screenshots@mozilla.org': Reading manifest: Invalid extension permission: mozillaAddons
1562594642406	addons.webextension.screenshots@mozilla.org	WARN	Loading extension 'screenshots@mozilla.org': Reading manifest: Invalid extension permission: resource://pdf.js/
1562594642406	addons.webextension.screenshots@mozilla.org	WARN	Loading extension 'screenshots@mozilla.org': Reading manifest: Invalid extension permission: about:reader*
1562594644733	Marionette	INFO	Listening on port 51531
1562594644823	Marionette	WARN	TLS certificate errors will be ignored for this session
1562594669104	Marionette	INFO	Stopped listening on port 51531
[Parent 3840, Gecko_IOThread] WARNING: pipe error: 109: file z:/task_1560988636/build/src/ipc/chromium/src/chrome/common/ipc_channel_win.cc, line 341
[Child 2172, Chrome_ChildThread] WARNING: pipe error: 109: file z:/task_1560988636/build/src/ipc/chromium/src/chrome/common/ipc_channel_win.cc, line 341
[Child 2172, Chrome_ChildThread] WARN[Child 3932, Chrome_ChildThread] WARNING: pipe error: 109: file z:/task_1560988636/build/src/ipc/chromium/src/chrome/common/ipc_channel_win.cc, line 341
[Child 3932, Chrome_ChildThread] WARNIN[Parent 3840, Gecko_IOThread] WARNING: pipe error: 109: file z:/task_1560988636/build/src/ipc/chromium/src/chrome/common/ipc_channel_win.cc, line 341
[Child 1428, Chrome_ChildThread] WARNING: pipe error: 109: file z:/task_1560988636/build/src/ipc/chromium/src/chrome/common/ipc_channel_win.cc, line 341
[Child 1428, Chrome_ChildThread] WARNING: pipe er
###!!! [Child][RunMessage] Error: Channel closing: too late to send/recv, messages will be lost

[GPU 
###!!! [Child][MessageChannel::SendAndWait] Error: Channel error: cannot send/recv

1562594691022	mozrunner::runner	INFO	Running command: "C:\\Program Files\\Mozilla Firefox\\firefox.exe" "-marionette" "-foreground" "-no-remote" "-profile" "C:\\Users\\HELMUT~1\\AppData\\Local\\Temp\\rust_mozprofile.NXHAIhxKooyU"
1562594691439	addons.webextension.screenshots@mozilla.org	WARN	Loading extension 'screenshots@mozilla.org': Reading manifest: Invalid extension permission: mozillaAddons
1562594691440	addons.webextension.screenshots@mozilla.org	WARN	Loading extension 'screenshots@mozilla.org': Reading manifest: Invalid extension permission: resource://pdf.js/
1562594691440	addons.webextension.screenshots@mozilla.org	WARN	Loading extension 'screenshots@mozilla.org': Reading manifest: Invalid extension permission: about:reader*
1562594693597	Marionette	INFO	Listening on port 51581
1562594693797	Marionette	WARN	TLS certificate errors will be ignored for this session
1562594710468	Marionette	INFO	Stopped listening on port 51581
[Parent 10928, Gecko_IOThread] WARNING: pipe error: 109: file z:/task_1560988636/build/src/ipc/chromium/src/chrome/common/ipc_channel_win.cc, line 341
[Child 1152, Chrome_ChildThread] WARNING: pipe error: 109: file z:/task_1560988636/build/src/ipc/chromium/src/chrome/common/ipc_channel_win.cc, line 341
[Child 1152, Chrome_ChildThread[Child 8824, Chrome_ChildThread] WARNING: pipe error: 109: file z:/task_1560988636/build/src/ipc/chromium/src/chrome/common/ipc_channel_win.cc, line 341
[Child 8824, Chrome_ChildThread] WARNING: pipe error: 109:[Parent 10928, Gecko_IOThread] WARNING: pipe error: 109: file z:/task_1560988636/build/src/ipc/chromium/src/chrome/common/ipc_channel_win.cc, line 341
[Child 4060, Chrome_ChildThread] WARNING: pipe error: 109: file z:/task_1560988636/build/src/ipc/chromium/src/chrome/common/ipc_channel_win.cc, line 341
[Child 4060, Chrome_[GPU 3104, Chrome_ChildThread] WARNING:
###!!! [Child][MessageChannel::SendAndWait] Error: Channel error: cannot send/recv

1562594758978	mozrunner::runner	INFO	Running command: "C:\\Program Files\\Mozilla Firefox\\firefox.exe" "-marionette" "-foreground" "-no-remote" "-profile" "C:\\Users\\HELMUT~1\\AppData\\Local\\Temp\\rust_mozprofile.7Bx6WIot9SwT"
1562594759328	addons.webextension.screenshots@mozilla.org	WARN	Loading extension 'screenshots@mozilla.org': Reading manifest: Invalid extension permission: mozillaAddons
1562594759328	addons.webextension.screenshots@mozilla.org	WARN	Loading extension 'screenshots@mozilla.org': Reading manifest: Invalid extension permission: resource://pdf.js/
1562594759328	addons.webextension.screenshots@mozilla.org	WARN	Loading extension 'screenshots@mozilla.org': Reading manifest: Invalid extension permission: about:reader*
1562594761546	Marionette	INFO	Listening on port 51632
1562594761773	Marionette	WARN	TLS certificate errors will be ignored for this session
1562594772557	Marionette	INFO	Stopped listening on port 51632
[Child 2984, Chrome_ChildThread] WARNING: pipe error: 109: file z:/task_1560988636/build/src/ipc/chromium/src/chrome/common/ipc_channel_win.cc, line 341
[Child 2984, Chrome_ChildThrea[Child 9836, Chrome_ChildThread] WARNING: pipe error: 109: file z:/task_1560988636/build/src/ipc/chromium/src/chrome/common/ipc_channel_win.cc, line 341
[Child 9836, Chrome_ChildThread] WARNING: pipe error: 109: file z:/task_1[Parent 5532, Gecko_IOThread] WARNING: pipe error: 109: file z:/task_1560988636/build/src/ipc/chromium/src/chrome/common/ipc_channel_win.cc, line 341
[Child 4676, Chrome_ChildThread] WARNING: pipe error: 109: file z:/task_1560988636/build/src/ipc/chromium/src/chrome/common/ipc_channel_win.cc, line 341
[Child 4676, Chrome_ChildThread] WARNING: [GPU 1176,
###!!! [Child][MessageChannel::SendAndWait] Error: Channel error: cannot send/recv

1562594781656	mozrunner::runner	INFO	Running command: "C:\\Program Files\\Mozilla Firefox\\firefox.exe" "-marionette" "-foreground" "-no-remote" "-profile" "C:\\Users\\HELMUT~1\\AppData\\Local\\Temp\\rust_mozprofile.gImbbqGWQOan"
1562594782035	addons.webextension.screenshots@mozilla.org	WARN	Loading extension 'screenshots@mozilla.org': Reading manifest: Invalid extension permission: mozillaAddons
1562594782035	addons.webextension.screenshots@mozilla.org	WARN	Loading extension 'screenshots@mozilla.org': Reading manifest: Invalid extension permission: resource://pdf.js/
1562594782035	addons.webextension.screenshots@mozilla.org	WARN	Loading extension 'screenshots@mozilla.org': Reading manifest: Invalid extension permission: about:reader*
1562594783317	Marionette	INFO	Listening on port 51679
1562594783840	Marionette	WARN	TLS certificate errors will be ignored for this session
[Parent 9380, Gecko_IOThread] WARNING: pipe error: 109: file z:/task_1560988636/build/src/ipc/chromium/src/chrome/common/ipc_channel_win.cc, line 341
[Child 10860, Chrome_ChildThread] WARNING: pipe error: 109: file z:/task_1560988636/build/src/ipc/chromium/src/chrome/common/ipc_channel_win.cc, line 341
[Child 10860, Chrome_ChildThread] WARNING:[Parent 9380, Gecko_IOThread] WARNING: pipe error: 109: file z:/task_1560988636/build/src/ipc/chromium/src/chrome/common/ipc_channel_win.cc, line 341
[Child 5408, Chrome_ChildThread] WARNING: pipe error: 109: file z:/task_1560988636/build/src/ipc/chromium/src/chrome/common/ipc_channel_win.cc, line 341
[Child 5408, Chrome_C[Child 8488, Chrome_ChildThread] WARNING: pipe error: 109: file z:/task_1560988636/build/src/ipc/chromium/src/chrome/common/ipc_channel_win.cc, line 341
[Child 8488, Chrome_ChildThread] WARNIN1562594795939	Marionette	INFO	Stopped listening on port 51679

###!!! [Child][RunMessage] Error: Channel closing: too late to send/recv, messages will be lost

[GPU 3788, Chrome_
###!!! [Child][MessageChannel::SendAndWait] Error: Channel error: cannot send/recv

1562594813009	mozrunner::runner	INFO	Running command: "C:\\Program Files\\Mozilla Firefox\\firefox.exe" "-marionette" "-foreground" "-no-remote" "-profile" "C:\\Users\\HELMUT~1\\AppData\\Local\\Temp\\rust_mozprofile.uwsaLSfpC7J8"
1562594813386	addons.webextension.screenshots@mozilla.org	WARN	Loading extension 'screenshots@mozilla.org': Reading manifest: Invalid extension permission: mozillaAddons
1562594813386	addons.webextension.screenshots@mozilla.org	WARN	Loading extension 'screenshots@mozilla.org': Reading manifest: Invalid extension permission: resource://pdf.js/
1562594813386	addons.webextension.screenshots@mozilla.org	WARN	Loading extension 'screenshots@mozilla.org': Reading manifest: Invalid extension permission: about:reader*
1562594815753	Marionette	INFO	Listening on port 51723
1562594815771	Marionette	WARN	TLS certificate errors will be ignored for this session
1562594862760	mozrunner::runner	INFO	Running command: "C:\\Program Files\\Mozilla Firefox\\firefox.exe" "-marionette" "-foreground" "-no-remote" "-profile" "C:\\Users\\HELMUT~1\\AppData\\Local\\Temp\\rust_mozprofile.l6L6sSfmtohL"
1562594863133	addons.webextension.screenshots@mozilla.org	WARN	Loading extension 'screenshots@mozilla.org': Reading manifest: Invalid extension permission: mozillaAddons
1562594863134	addons.webextension.screenshots@mozilla.org	WARN	Loading extension 'screenshots@mozilla.org': Reading manifest: Invalid extension permission: resource://pdf.js/
1562594863134	addons.webextension.screenshots@mozilla.org	WARN	Loading extension 'screenshots@mozilla.org': Reading manifest: Invalid extension permission: about:reader*
1562594864791	Marionette	INFO	Listening on port 51769
1562594864922	Marionette	WARN	TLS certificate errors will be ignored for this session
[Parent 1624, Gecko_IOThread] WARNING: pipe error: 109: file z:/task_1560988636/build/src/ipc/chromium/src/chrome/common/ipc_channel_win.cc, line 341
[Child 10448, Chrome_ChildThread] WARNING: pipe error: 109: file z:/task_1560988636/build/src/ipc/chromium/src/chrome/common/ipc_channel_win.cc, line 341
[Child 10448, Chrome_ChildThread] WARNING: pipe error: 10[Child 11356, Chrome_ChildThread] WARNING: pipe error: 109: file z:/task_1560988636/build/src/ipc/chromium/src/chrome/common/ipc_channel_win.cc, line 341
[Child 11356, Chrome_ChildThread] WARNING: pipe error: 109: file z:/ta[Parent 1624, Gecko_IOThread] WARNING: pipe error: 109: file z:/task_1560988636/build/src/ipc/chromium/src/chrome/common/ipc_channel_win.cc, line 341
[Child 8424, Chrome_ChildThread] WARNING: pipe error: 109: file z:/task_1560988636/build/src/ipc/chromium/src/chrome/common/ipc_channel_win.cc, line 341
[Child 8424, Chrome_ChildTh1562594902417	Marionette	INFO	Stopped listening on port 51769
[GP
###!!! [Child][RunMessage] Error: Channel closing: too late to send/recv, messages will be lost

U 57
###!!! [Child][MessageChannel::SendAndWait] Error: Channel error: cannot send/recv

1562595031678	mozrunner::runner	INFO	Running command: "C:\\Program Files\\Mozilla Firefox\\firefox.exe" "-marionette" "-foreground" "-no-remote" "-profile" "C:\\Users\\HELMUT~1\\AppData\\Local\\Temp\\rust_mozprofile.3qYKWxxMYXBJ"
1562595032016	addons.webextension.screenshots@mozilla.org	WARN	Loading extension 'screenshots@mozilla.org': Reading manifest: Invalid extension permission: mozillaAddons
1562595032017	addons.webextension.screenshots@mozilla.org	WARN	Loading extension 'screenshots@mozilla.org': Reading manifest: Invalid extension permission: resource://pdf.js/
1562595032017	addons.webextension.screenshots@mozilla.org	WARN	Loading extension 'screenshots@mozilla.org': Reading manifest: Invalid extension permission: about:reader*
1562595034062	Marionette	INFO	Listening on port 51827
1562595034464	Marionette	WARN	TLS certificate errors will be ignored for this session
[Parent 11732, Gecko_IOThread] WARNING: pipe error: 109: file z:/task_1560988636/build/src/ipc/chromium/src/chrome/common/ipc_channel_win.cc, line 341
[Child 11040, Chrome_ChildThread] WARNING: pipe error: 109: file z:/task_1560988636/build/src/ipc/chromium/src/chrome/common/ipc_channel_win.cc, line 341
[Child 11040, Chrome_ChildThread] WARNING: pipe er[Parent 11732, Gecko_IOThread] WARNING: pipe error: 109: file z:/task_1560988636/build/src/ipc/chromium/src/chrome/common/ipc_channel_win.cc, line 341
[Child 2308, Chrome_ChildThread] WARNING: pipe error: 109: file z:/task_1560988636/build/src/ipc/chromium/src/chrome/common/ipc_channel_win.cc, line 341
[Child 2308, Chrome_ChildTh[Parent 11732, Gecko_IOThread] WARNING: pipe error: 109: file z:/task_1560988636/build/src/ipc/chromium/src/chrome/common/ipc_channel_win.cc, line 341
[Child 11724, Chrome_ChildThread] WARNING: pipe error: 109: file z:/task_1560988636/build/src/ipc/chromium/src/chrome/common/ipc_channel_win.cc, line 341
[Child 11724, Ch1562595070298	Marionette	INFO	Stopped listening on port 51827
[GPU 989
###!!! [Child][RunMessage] Error: Channel closing: too late to send/recv, messages will be lost

2
###!!! [Child][MessageChannel::SendAndWait] Error: Channel error: cannot send/recv

1562595099552	mozrunner::runner	INFO	Running command: "C:\\Program Files\\Mozilla Firefox\\firefox.exe" "-marionette" "-foreground" "-no-remote" "-profile" "C:\\Users\\HELMUT~1\\AppData\\Local\\Temp\\rust_mozprofile.b8sgt2B8iSl9"
1562595100346	addons.webextension.screenshots@mozilla.org	WARN	Loading extension 'screenshots@mozilla.org': Reading manifest: Invalid extension permission: mozillaAddons
1562595100347	addons.webextension.screenshots@mozilla.org	WARN	Loading extension 'screenshots@mozilla.org': Reading manifest: Invalid extension permission: resource://pdf.js/
1562595100347	addons.webextension.screenshots@mozilla.org	WARN	Loading extension 'screenshots@mozilla.org': Reading manifest: Invalid extension permission: about:reader*
1562595102988	Marionette	INFO	Listening on port 51875
1562595103487	Marionette	WARN	TLS certificate errors will be ignored for this session
[Parent 8904, Gecko_IOThread] WARNING: pipe error: 109: file z:/task_1560988636/build/src/ipc/chromium/src/chrome/common/ipc_channel_win.cc, line 341
[Child 2264, Chrome_ChildThread] WARNING: pipe error: 109: file z:/task_1560988636/build/src/ipc/chromium/src/chrome/common/ipc_channel_win.cc, line 341
[Child 2264, Chrome_ChildThrea[Parent 8904, Gecko_IOThread] WARNING: pipe error: 109: file z:/task_1560988636/build/src/ipc/chromium/src/chrome/common/ipc_channel_win.cc, line 341
[Child 9712, Chrome_ChildThread] WARNING: pipe error: 109: file z:/task_1560988636/build/src/ipc/chromium/src/chrome/common/ipc_channel_win.cc, line 341
[Child 9712, Chrom[Parent 8904, Gecko_IOThread] WARNING: pipe error: 109: file z:/task_1560988636/build/src/ipc/chromium/src/chrome/common/ipc_channel_win.cc, line 341
[Child 3128, Chrome_ChildThread] WARNING: pipe error: 109: file z:/task_1560988636/build/src/ipc/chromium/src/chrome/common/ipc_channel_win.cc, line 341
[Child 3128, Chrome_Ch1562595176612	Marionette	INFO	Stopped listening on port 51875
[GPU 10696, 
###!!! [Child][RunMessage] Error: Channel closing: too late to send/recv, messages will be lost

Ch
###!!! [Child][MessageChannel::SendAndWait] Error: Channel error: cannot send/recv

1562599104862	mozrunner::runner	INFO	Running command: "C:\\Program Files\\Mozilla Firefox\\firefox.exe" "-marionette" "-foreground" "-no-remote" "-profile" "C:\\Users\\HELMUT~1\\AppData\\Local\\Temp\\rust_mozprofile.hz8SUakfqSPu"
1562599105418	addons.webextension.screenshots@mozilla.org	WARN	Loading extension 'screenshots@mozilla.org': Reading manifest: Invalid extension permission: mozillaAddons
1562599105418	addons.webextension.screenshots@mozilla.org	WARN	Loading extension 'screenshots@mozilla.org': Reading manifest: Invalid extension permission: resource://pdf.js/
1562599105418	addons.webextension.screenshots@mozilla.org	WARN	Loading extension 'screenshots@mozilla.org': Reading manifest: Invalid extension permission: about:reader*
1562599108394	Marionette	INFO	Listening on port 54022
1562599108790	Marionette	WARN	TLS certificate errors will be ignored for this session
console.error: BroadcastService: 
  receivedBroadcastMessage: handler for
  remote-settings/monitor_changes
  threw error:
  Message: Error: Polling for changes failed: http://%(server)s/dummy/blocklist//buckets/monitor/collections/changes/records?_expected=%221562577903535%22 is not a valid URL..
  Stack:
    remoteSettingsFunction/remoteSettings.pollChanges@resource://services-settings/remote-settings.js:203:13

[Parent 12864, Gecko_IOThread] WARNING: pipe error: 109: file z:/task_1560988636/build/src/ipc/chromium/src/chrome/common/ipc_channel_win.cc, line 341
[Child 5788, Chrome_ChildThread] WARNING: pipe error: 109: file z:/task_1560988636/build/src/ipc/chromium/src/chrome/common/ipc_channel_win.cc, line 341
[Child 5788, Chrome_ChildThread] WARNING: pipe er[Parent 12864, Gecko_IOThread] WARNING: pipe error: 109: file z:/task_1560988636/build/src/ipc/chromium/src/chrome/common/ipc_channel_win.cc, line 341
[Child 10560, Chrome_ChildThread] WARNING: pipe error: 109: file z:/task_1560988636/build/src/ipc/chromium/src/chrome/common/ipc_channel_win.cc, line 341
[Child 10560, Chr[Parent 12864, Gecko_IOThread] WARNING: pipe error: 109: file z:/task_1560988636/build/src/ipc/chromium/src/chrome/common/ipc_channel_win.cc, line 341
[Child 10224, Chrome_ChildThread] WARNING: pipe error: 109: file z:/task_1560988636/build/src/ipc/chromium/src/chrome/common/ipc_channel_win.cc, line 341
[Child 10224, Chrome_ChildThrea1562600136043	Marionette	INFO	Stopped listening on port 54022
[GPU 2556
###!!! [Child][RunMessage] Error: Channel closing: too late to send/recv, messages will be lost


###!!! [Child][MessageChannel::SendAndWait] Error: Channel error: cannot send/recv

